Flow report for shhh_5th_cpld
Fri Oct 04 17:30:46 2013
Quartus II 64-Bit Version 13.0.1 Build 232 06/12/2013 Service Pack 1 SJ Web Edition


---------------------
; Table of Contents ;
---------------------
  1. Legal Notice
  2. Flow Summary
  3. Flow Settings
  4. Flow Non-Default Global Settings
  5. Flow Elapsed Time
  6. Flow OS Summary
  7. Flow Log
  8. Flow Messages
  9. Flow Suppressed Messages



----------------
; Legal Notice ;
----------------
Copyright (C) 1991-2013 Altera Corporation
Your use of Altera Corporation's design tools, logic functions 
and other software and tools, and its AMPP partner logic 
functions, and any output files from any of the foregoing 
(including device programming or simulation files), and any 
associated documentation or information are expressly subject 
to the terms and conditions of the Altera Program License 
Subscription Agreement, Altera MegaCore Function License 
Agreement, or other applicable license agreement, including, 
without limitation, that your use is for the sole purpose of 
programming logic devices manufactured by Altera and sold by 
Altera or its authorized distributors.  Please refer to the 
applicable agreement for further details.



+-----------------------------------------------------------------------------+
; Flow Summary                                                                ;
+---------------------------+-------------------------------------------------+
; Flow Status               ; Successful - Fri Oct 04 17:30:46 2013           ;
; Quartus II 64-Bit Version ; 13.0.1 Build 232 06/12/2013 SP 1 SJ Web Edition ;
; Revision Name             ; shhh_5th_cpld                                   ;
; Top-level Entity Name     ; shhh_5th_cpld                                   ;
; Family                    ; MAX V                                           ;
; Device                    ; 5M80ZE64C4                                      ;
; Timing Models             ; Final                                           ;
; Total logic elements      ; 38 / 80 ( 48 % )                                ;
; Total pins                ; 46 / 54 ( 85 % )                                ;
; Total virtual pins        ; 0                                               ;
; UFM blocks                ; 0 / 1 ( 0 % )                                   ;
+---------------------------+-------------------------------------------------+


+-----------------------------------------+
; Flow Settings                           ;
+-------------------+---------------------+
; Option            ; Setting             ;
+-------------------+---------------------+
; Start date & time ; 10/04/2013 17:29:54 ;
; Main task         ; Compilation         ;
; Revision Name     ; shhh_5th_cpld       ;
+-------------------+---------------------+


+---------------------------------------------------------------------------------------------------------------------+
; Flow Non-Default Global Settings                                                                                    ;
+--------------------------------------+-----------------------------+---------------+-------------+------------------+
; Assignment Name                      ; Value                       ; Default Value ; Entity Name ; Section Id       ;
+--------------------------------------+-----------------------------+---------------+-------------+------------------+
; COMPILER_SIGNATURE_ID                ; 10513616225.138093299402680 ; --            ; --          ; --               ;
; EDA_DESIGN_INSTANCE_NAME             ; NA                          ; --            ; --          ; shhh_5th_cpld_tb ;
; EDA_NATIVELINK_SIMULATION_TEST_BENCH ; shhh_5th_cpld_tb            ; --            ; --          ; eda_simulation   ;
; EDA_OUTPUT_DATA_FORMAT               ; Verilog Hdl                 ; --            ; --          ; eda_simulation   ;
; EDA_RUN_TOOL_AUTOMATICALLY           ; On                          ; --            ; --          ; eda_simulation   ;
; EDA_SIMULATION_TOOL                  ; ModelSim-Altera (Verilog)   ; <None>        ; --          ; --               ;
; EDA_TEST_BENCH_ENABLE_STATUS         ; TEST_BENCH_MODE             ; --            ; --          ; eda_simulation   ;
; EDA_TEST_BENCH_FILE                  ; shhh_5th_cpld_tb.v          ; --            ; --          ; shhh_5th_cpld_tb ;
; EDA_TEST_BENCH_MODULE_NAME           ; shhh_5th_cpld_tb            ; --            ; --          ; shhh_5th_cpld_tb ;
; EDA_TEST_BENCH_NAME                  ; shhh_5th_cpld_tb            ; --            ; --          ; eda_simulation   ;
; EDA_TIME_SCALE                       ; 1 ps                        ; --            ; --          ; eda_simulation   ;
; MAX_CORE_JUNCTION_TEMP               ; 85                          ; --            ; --          ; --               ;
; MIN_CORE_JUNCTION_TEMP               ; 0                           ; --            ; --          ; --               ;
; POWER_PRESET_COOLING_SOLUTION        ; No Heat Sink With Still Air ; --            ; --          ; --               ;
; PROJECT_OUTPUT_DIRECTORY             ; output_files                ; --            ; --          ; --               ;
; SYNTH_TIMING_DRIVEN_SYNTHESIS        ; Off                         ; --            ; --          ; --               ;
+--------------------------------------+-----------------------------+---------------+-------------+------------------+


+-------------------------------------------------------------------------------------------------------------------------------+
; Flow Elapsed Time                                                                                                             ;
+---------------------------+--------------+-------------------------+---------------------+------------------------------------+
; Module Name               ; Elapsed Time ; Average Processors Used ; Peak Virtual Memory ; Total CPU Time (on all processors) ;
+---------------------------+--------------+-------------------------+---------------------+------------------------------------+
; Analysis & Synthesis      ; 00:00:11     ; 1.0                     ; 409 MB              ; 00:00:02                           ;
; Fitter                    ; 00:00:16     ; 1.0                     ; 540 MB              ; 00:00:03                           ;
; Assembler                 ; 00:00:02     ; 1.0                     ; 375 MB              ; 00:00:01                           ;
; TimeQuest Timing Analyzer ; 00:00:03     ; 1.0                     ; 362 MB              ; 00:00:02                           ;
; EDA Netlist Writer        ; 00:00:01     ; 1.0                     ; 351 MB              ; 00:00:01                           ;
; Total                     ; 00:00:33     ; --                      ; --                  ; 00:00:09                           ;
+---------------------------+--------------+-------------------------+---------------------+------------------------------------+


+----------------------------------------------------------------------------------------+
; Flow OS Summary                                                                        ;
+---------------------------+------------------+-----------+------------+----------------+
; Module Name               ; Machine Hostname ; OS Name   ; OS Version ; Processor type ;
+---------------------------+------------------+-----------+------------+----------------+
; Analysis & Synthesis      ; Nutter-Laptop    ; Windows 7 ; 6.1        ; x86_64         ;
; Fitter                    ; Nutter-Laptop    ; Windows 7 ; 6.1        ; x86_64         ;
; Assembler                 ; Nutter-Laptop    ; Windows 7 ; 6.1        ; x86_64         ;
; TimeQuest Timing Analyzer ; Nutter-Laptop    ; Windows 7 ; 6.1        ; x86_64         ;
; EDA Netlist Writer        ; Nutter-Laptop    ; Windows 7 ; 6.1        ; x86_64         ;
+---------------------------+------------------+-----------+------------+----------------+


------------
; Flow Log ;
------------
quartus_map --read_settings_files=on --write_settings_files=off shhh_5th_cpld -c shhh_5th_cpld
quartus_fit --read_settings_files=off --write_settings_files=off shhh_5th_cpld -c shhh_5th_cpld
quartus_asm --read_settings_files=off --write_settings_files=off shhh_5th_cpld -c shhh_5th_cpld
quartus_sta shhh_5th_cpld -c shhh_5th_cpld
quartus_eda --read_settings_files=off --write_settings_files=off shhh_5th_cpld -c shhh_5th_cpld



